<?xml version="1.0" encoding="UTF-8"?>
<!-- Generated by org.testng.reporters.JUnitReportReporter -->
<testsuite hostname="LAPTOP-G0K1S25M" failures="0" tests="15" name="runner.TestRunner" time="4.131" errors="0" timestamp="2022-08-17T11:25:34 IST" skipped="0">
  <testcase classname="runner.TestRunner" name="runScenario" time="0.174"/>
  <system-out/>
  <testcase classname="runner.TestRunner" name="runScenario" time="0.094"/>
  <system-out/>
  <testcase classname="runner.TestRunner" name="runScenario" time="0.158"/>
  <system-out/>
  <testcase classname="runner.TestRunner" name="runScenario" time="0.152"/>
  <system-out/>
  <testcase classname="runner.TestRunner" name="runScenario" time="0.095"/>
  <system-out/>
  <testcase classname="runner.TestRunner" name="runScenario" time="1.684"/>
  <system-out/>
  <testcase classname="runner.TestRunner" name="runScenario" time="0.493"/>
  <system-out/>
  <testcase classname="runner.TestRunner" name="runScenario" time="0.163"/>
  <system-out/>
  <testcase classname="runner.TestRunner" name="runScenario" time="0.178"/>
  <system-out/>
  <testcase classname="runner.TestRunner" name="runScenario" time="0.160"/>
  <system-out/>
  <testcase classname="runner.TestRunner" name="runScenario" time="0.195"/>
  <system-out/>
  <testcase classname="runner.TestRunner" name="runScenario" time="0.094"/>
  <system-out/>
  <testcase classname="runner.TestRunner" name="runScenario" time="0.157"/>
  <system-out/>
  <testcase classname="runner.TestRunner" name="runScenario" time="0.232"/>
  <system-out/>
  <testcase classname="runner.TestRunner" name="runScenario" time="0.102"/>
  <system-out/>
</testsuite> <!-- runner.TestRunner -->
