<?xml version="1.0" encoding="UTF-8"?>
<!-- Generated by org.testng.reporters.JUnitReportReporter -->
<testsuite hostname="LAPTOP-G0K1S25M" failures="0" tests="15" name="runner.TestRunner" time="4.106" errors="0" timestamp="2022-08-17T12:42:46 IST" skipped="0">
  <testcase classname="runner.TestRunner" name="runScenario" time="0.504"/>
  <system-out/>
  <testcase classname="runner.TestRunner" name="runScenario" time="0.195"/>
  <system-out/>
  <testcase classname="runner.TestRunner" name="runScenario" time="0.163"/>
  <system-out/>
  <testcase classname="runner.TestRunner" name="runScenario" time="0.163"/>
  <system-out/>
  <testcase classname="runner.TestRunner" name="runScenario" time="0.154"/>
  <system-out/>
  <testcase classname="runner.TestRunner" name="runScenario" time="0.160"/>
  <system-out/>
  <testcase classname="runner.TestRunner" name="runScenario" time="0.094"/>
  <system-out/>
  <testcase classname="runner.TestRunner" name="runScenario" time="0.164"/>
  <system-out/>
  <testcase classname="runner.TestRunner" name="runScenario" time="0.097"/>
  <system-out/>
  <testcase classname="runner.TestRunner" name="runScenario" time="0.167"/>
  <system-out/>
  <testcase classname="runner.TestRunner" name="runScenario" time="0.088"/>
  <system-out/>
  <testcase classname="runner.TestRunner" name="runScenario" time="0.154"/>
  <system-out/>
  <testcase classname="runner.TestRunner" name="runScenario" time="0.105"/>
  <system-out/>
  <testcase classname="runner.TestRunner" name="runScenario" time="0.228"/>
  <system-out/>
  <testcase classname="runner.TestRunner" name="runScenario" time="1.670"/>
  <system-out/>
</testsuite> <!-- runner.TestRunner -->
